[1 - Suricata-Main] 2024-12-07 20:24:09 Notice: suricata: This is Suricata version 7.0.7 RELEASE running in SYSTEM mode
[1 - Suricata-Main] 2024-12-07 20:24:09 Warning: output-json-alert: Found deprecated eve-log.alert flag "http", this flag has no effect
[1 - Suricata-Main] 2024-12-07 20:24:09 Warning: output-json-alert: Found deprecated eve-log.alert flag "tls", this flag has no effect
[1 - Suricata-Main] 2024-12-07 20:24:09 Warning: counters: stats are enabled but no loggers are active
[7 - W#01-eth0] 2024-12-07 20:24:09 Error: af-packet: eth0: block size is too small, it should be at least 65648
[7 - W#01-eth0] 2024-12-07 20:24:09 Error: af-packet: eth0: failed to init socket for interface
[1 - Suricata-Main] 2024-12-07 20:24:09 Error: threads: thread "W#01-eth0" failed to start: flags 0423
[1 - Suricata-Main] 2024-12-07 20:27:10 Notice: suricata: This is Suricata version 7.0.7 RELEASE running in SYSTEM mode
[1 - Suricata-Main] 2024-12-07 20:27:10 Warning: output-json-alert: Found deprecated eve-log.alert flag "http", this flag has no effect
[1 - Suricata-Main] 2024-12-07 20:27:10 Warning: output-json-alert: Found deprecated eve-log.alert flag "tls", this flag has no effect
[1 - Suricata-Main] 2024-12-07 20:27:10 Warning: counters: stats are enabled but no loggers are active
[7 - W#01-eth0] 2024-12-07 20:27:10 Error: af-packet: eth0: block size is too small, it should be at least 65648
[7 - W#01-eth0] 2024-12-07 20:27:10 Error: af-packet: eth0: failed to init socket for interface
[1 - Suricata-Main] 2024-12-07 20:27:10 Error: threads: thread "W#01-eth0" failed to start: flags 0423
[1 - Suricata-Main] 2024-12-07 20:28:58 Notice: suricata: This is Suricata version 7.0.7 RELEASE running in SYSTEM mode
[1 - Suricata-Main] 2024-12-07 20:28:58 Warning: output-json-alert: Found deprecated eve-log.alert flag "http", this flag has no effect
[1 - Suricata-Main] 2024-12-07 20:28:58 Warning: output-json-alert: Found deprecated eve-log.alert flag "tls", this flag has no effect
[1 - Suricata-Main] 2024-12-07 20:28:58 Warning: counters: stats are enabled but no loggers are active
[1 - Suricata-Main] 2024-12-07 20:28:58 Notice: threads: Threads created -> W: 8 FM: 1 FR: 1   Engine started.
[1 - Suricata-Main] 2024-12-07 20:36:26 Notice: suricata: Signal Received.  Stopping engine.
[1 - Suricata-Main] 2024-12-07 20:36:27 Notice: device: eth0: packets: 47686, drops: 0 (0.00%), invalid chksum: 33665
